<?xml version="1.0" encoding="UTF-8"?>
<!-- Generated by org.testng.reporters.JUnitXMLReporter -->
<testsuite hostname="BOG07PRPFL03392" ignored="0" name="Validation Test" tests="1" failures="1" timestamp="10 may 2019 15:10:51 GMT" time="0.012" errors="0">
  <testcase name="validateTitle" time="0.007" classname="testcases.testCase2">
    <failure type="java.lang.AssertionError" message="The following asserts failed:
	expected [Gmail.com] but found [Yahoo.com],
	CheckBox not found expected [false] but found [true],
	Images not found expected [false] but found [true]">
      <![CDATA[java.lang.AssertionError: The following asserts failed:
expected [Gmail.com] but found [Yahoo.com],
CheckBox not found expected [false] but found [true],
Images not found expected [false] but found [true]
at testcases.testCase2.validateTitle(testCase2.java:42)
... Removed 26 stack frames]]>
    </failure>
  </testcase> <!-- validateTitle -->
</testsuite> <!-- Validation Test -->
