<?xml version="1.0" encoding="UTF-8"?>
<!-- Generated by org.testng.reporters.JUnitXMLReporter -->
<testsuite hostname="BOG07PRPFL03392" ignored="0" name="Regression Validate Titles Test" tests="1" failures="1" timestamp="09 may 2019 16:58:29 GMT" time="0.01" errors="0">
  <testcase name="validateTitle" time="0.007" classname="regression.testCase2">
    <failure type="java.lang.AssertionError" message="The following asserts failed:
	expected [Gmail.com] but found [Yahoo.com],
	CheckBox not found expected [false] but found [true],
	Images not found expected [false] but found [true]">
      <![CDATA[java.lang.AssertionError: The following asserts failed:
expected [Gmail.com] but found [Yahoo.com],
CheckBox not found expected [false] but found [true],
Images not found expected [false] but found [true]
at regression.testCase2.validateTitle(testCase2.java:42)
... Removed 27 stack frames]]>
    </failure>
  </testcase> <!-- validateTitle -->
</testsuite> <!-- Regression Validate Titles Test -->
